<?xml version="1.0" encoding="UTF-8"?>
<testsuite name="tasks.Request1BlockingKtTest" tests="1" skipped="0" failures="0" errors="0" timestamp="2024-05-07T14:42:15" hostname="Niks-16GB-Browser.local" time="0.003">
  <properties/>
  <testcase name="testAggregation" classname="tasks.Request1BlockingKtTest" time="0.003"/>
  <system-out><![CDATA[189 [Test worker] INFO  Contributors - org: loaded 3 repos
189 [Test worker] INFO  Contributors - repo-1: loaded 2 contributors
189 [Test worker] INFO  Contributors - repo-2: loaded 2 contributors
190 [Test worker] INFO  Contributors - repo-3: loaded 2 contributors
]]></system-out>
  <system-err><![CDATA[]]></system-err>
</testsuite>
