<?xml version="1.0" encoding="UTF-8"?>
<testsuite name="tasks.Request5ConcurrentKtTest" tests="1" skipped="0" failures="0" errors="0" timestamp="2024-05-07T14:42:16" hostname="Niks-16GB-Browser.local" time="0.008">
  <properties/>
  <testcase name="testConcurrent" classname="tasks.Request5ConcurrentKtTest" time="0.008"/>
  <system-out><![CDATA[1207 [Test worker @coroutine#3] INFO  Contributors - org: loaded 3 repos
1211 [Test worker @coroutine#4] INFO  Contributors - starting loading for repo-1
1212 [Test worker @coroutine#5] INFO  Contributors - starting loading for repo-2
1212 [Test worker @coroutine#6] INFO  Contributors - starting loading for repo-3
1212 [Test worker @coroutine#6] INFO  Contributors - repo-3: loaded 2 contributors
1212 [Test worker @coroutine#4] INFO  Contributors - repo-1: loaded 2 contributors
1212 [Test worker @coroutine#5] INFO  Contributors - repo-2: loaded 2 contributors
]]></system-out>
  <system-err><![CDATA[]]></system-err>
</testsuite>
