<?xml version="1.0" encoding="UTF-8"?>
<testsuite name="tasks.Request6ProgressKtTest" tests="1" skipped="0" failures="0" errors="0" timestamp="2024-05-07T14:42:16" hostname="Niks-16GB-Browser.local" time="0.003">
  <properties/>
  <testcase name="testProgress" classname="tasks.Request6ProgressKtTest" time="0.003"/>
  <system-out><![CDATA[1216 [Test worker @coroutine#7] INFO  Contributors - org: loaded 3 repos
1217 [Test worker @coroutine#7] INFO  Contributors - repo-1: loaded 2 contributors
1217 [Test worker @coroutine#7] INFO  Contributors - repo-2: loaded 2 contributors
1218 [Test worker @coroutine#7] INFO  Contributors - repo-3: loaded 2 contributors
]]></system-out>
  <system-err><![CDATA[]]></system-err>
</testsuite>
